===============
Name: Razer Razer Naga Epic Type: Keyboard
=== Inputs ===
Name[Escape] Identifier[Escape] isAnalog[false] isRelative[false]
Name[1] Identifier[1] isAnalog[false] isRelative[false]
Name[2] Identifier[2] isAnalog[false] isRelative[false]
Name[3] Identifier[3] isAnalog[false] isRelative[false]
Name[4] Identifier[4] isAnalog[false] isRelative[false]
Name[5] Identifier[5] isAnalog[false] isRelative[false]
Name[6] Identifier[6] isAnalog[false] isRelative[false]
Name[7] Identifier[7] isAnalog[false] isRelative[false]
Name[8] Identifier[8] isAnalog[false] isRelative[false]
Name[9] Identifier[9] isAnalog[false] isRelative[false]
Name[0] Identifier[0] isAnalog[false] isRelative[false]
Name[-] Identifier[-] isAnalog[false] isRelative[false]
Name[=] Identifier[=] isAnalog[false] isRelative[false]
Name[Back] Identifier[Back] isAnalog[false] isRelative[false]
Name[Tab] Identifier[Tab] isAnalog[false] isRelative[false]
Name[Q] Identifier[Q] isAnalog[false] isRelative[false]
Name[W] Identifier[W] isAnalog[false] isRelative[false]
Name[E] Identifier[E] isAnalog[false] isRelative[false]
Name[R] Identifier[R] isAnalog[false] isRelative[false]
Name[T] Identifier[T] isAnalog[false] isRelative[false]
Name[Y] Identifier[Y] isAnalog[false] isRelative[false]
Name[U] Identifier[U] isAnalog[false] isRelative[false]
Name[I] Identifier[I] isAnalog[false] isRelative[false]
Name[O] Identifier[O] isAnalog[false] isRelative[false]
Name[P] Identifier[P] isAnalog[false] isRelative[false]
Name[[] Identifier[[] isAnalog[false] isRelative[false]
Name[]] Identifier[]] isAnalog[false] isRelative[false]
Name[Return] Identifier[Return] isAnalog[false] isRelative[false]
Name[Left Control] Identifier[Left Control] isAnalog[false] isRelative[false]
Name[A] Identifier[A] isAnalog[false] isRelative[false]
Name[S] Identifier[S] isAnalog[false] isRelative[false]
Name[D] Identifier[D] isAnalog[false] isRelative[false]
Name[F] Identifier[F] isAnalog[false] isRelative[false]
Name[G] Identifier[G] isAnalog[false] isRelative[false]
Name[H] Identifier[H] isAnalog[false] isRelative[false]
Name[J] Identifier[J] isAnalog[false] isRelative[false]
Name[K] Identifier[K] isAnalog[false] isRelative[false]
Name[L] Identifier[L] isAnalog[false] isRelative[false]
Name[;] Identifier[;] isAnalog[false] isRelative[false]
Name['] Identifier['] isAnalog[false] isRelative[false]
Name[~] Identifier[~] isAnalog[false] isRelative[false]
Name[Left Shift] Identifier[Left Shift] isAnalog[false] isRelative[false]
Name[\] Identifier[\] isAnalog[false] isRelative[false]
Name[Z] Identifier[Z] isAnalog[false] isRelative[false]
Name[X] Identifier[X] isAnalog[false] isRelative[false]
Name[C] Identifier[C] isAnalog[false] isRelative[false]
Name[V] Identifier[V] isAnalog[false] isRelative[false]
Name[B] Identifier[B] isAnalog[false] isRelative[false]
Name[N] Identifier[N] isAnalog[false] isRelative[false]
Name[M] Identifier[M] isAnalog[false] isRelative[false]
Name[,] Identifier[,] isAnalog[false] isRelative[false]
Name[.] Identifier[.] isAnalog[false] isRelative[false]
Name[/] Identifier[/] isAnalog[false] isRelative[false]
Name[Right Shift] Identifier[Right Shift] isAnalog[false] isRelative[false]
Name[Multiply] Identifier[Multiply] isAnalog[false] isRelative[false]
Name[Left Alt] Identifier[Left Alt] isAnalog[false] isRelative[false]
Name[ ] Identifier[ ] isAnalog[false] isRelative[false]
Name[Caps Lock] Identifier[Caps Lock] isAnalog[false] isRelative[false]
Name[F1] Identifier[F1] isAnalog[false] isRelative[false]
Name[F2] Identifier[F2] isAnalog[false] isRelative[false]
Name[F3] Identifier[F3] isAnalog[false] isRelative[false]
Name[F4] Identifier[F4] isAnalog[false] isRelative[false]
Name[F5] Identifier[F5] isAnalog[false] isRelative[false]
Name[F6] Identifier[F6] isAnalog[false] isRelative[false]
Name[F7] Identifier[F7] isAnalog[false] isRelative[false]
Name[F8] Identifier[F8] isAnalog[false] isRelative[false]
Name[F9] Identifier[F9] isAnalog[false] isRelative[false]
Name[F10] Identifier[F10] isAnalog[false] isRelative[false]
Name[Num Lock] Identifier[Num Lock] isAnalog[false] isRelative[false]
Name[Scroll Lock] Identifier[Scroll Lock] isAnalog[false] isRelative[false]
Name[Num 7] Identifier[Num 7] isAnalog[false] isRelative[false]
Name[Num 8] Identifier[Num 8] isAnalog[false] isRelative[false]
Name[Num 9] Identifier[Num 9] isAnalog[false] isRelative[false]
Name[Num -] Identifier[Num -] isAnalog[false] isRelative[false]
Name[Num 4] Identifier[Num 4] isAnalog[false] isRelative[false]
Name[Num 5] Identifier[Num 5] isAnalog[false] isRelative[false]
Name[Num 6] Identifier[Num 6] isAnalog[false] isRelative[false]
Name[Num +] Identifier[Num +] isAnalog[false] isRelative[false]
Name[Num 1] Identifier[Num 1] isAnalog[false] isRelative[false]
Name[Num 2] Identifier[Num 2] isAnalog[false] isRelative[false]
Name[Num 3] Identifier[Num 3] isAnalog[false] isRelative[false]
Name[Num 0] Identifier[Num 0] isAnalog[false] isRelative[false]
Name[Num .] Identifier[Num .] isAnalog[false] isRelative[false]
Name[Unknown] Identifier[Unknown] isAnalog[false] isRelative[false]
Name[Unknown] Identifier[Unknown] isAnalog[false] isRelative[false]
Name[F11] Identifier[F11] isAnalog[false] isRelative[false]
Name[F12] Identifier[F12] isAnalog[false] isRelative[false]
Name[Unknown] Identifier[Unknown] isAnalog[false] isRelative[false]
Name[Unknown] Identifier[Unknown] isAnalog[false] isRelative[false]
Name[Unknown] Identifier[Unknown] isAnalog[false] isRelative[false]
Name[Unknown] Identifier[Unknown] isAnalog[false] isRelative[false]
Name[Unknown] Identifier[Unknown] isAnalog[false] isRelative[false]
Name[Unknown] Identifier[Unknown] isAnalog[false] isRelative[false]
Name[Unknown] Identifier[Unknown] isAnalog[false] isRelative[false]
Name[Num Enter] Identifier[Num Enter] isAnalog[false] isRelative[false]
Name[Right Control] Identifier[Right Control] isAnalog[false] isRelative[false]
Name[Num /] Identifier[Num /] isAnalog[false] isRelative[false]
Name[SysRq] Identifier[SysRq] isAnalog[false] isRelative[false]
Name[Right Alt] Identifier[Right Alt] isAnalog[false] isRelative[false]
Name[Home] Identifier[Home] isAnalog[false] isRelative[false]
Name[Up] Identifier[Up] isAnalog[false] isRelative[false]
Name[Pg Up] Identifier[Pg Up] isAnalog[false] isRelative[false]
Name[Left] Identifier[Left] isAnalog[false] isRelative[false]
Name[Right] Identifier[Right] isAnalog[false] isRelative[false]
Name[End] Identifier[End] isAnalog[false] isRelative[false]
Name[Down] Identifier[Down] isAnalog[false] isRelative[false]
Name[Pg Down] Identifier[Pg Down] isAnalog[false] isRelative[false]
Name[Insert] Identifier[Insert] isAnalog[false] isRelative[false]
Name[Delete] Identifier[Delete] isAnalog[false] isRelative[false]
Name[Unknown] Identifier[Unknown] isAnalog[false] isRelative[false]
Name[Unknown] Identifier[Unknown] isAnalog[false] isRelative[false]
Name[Unknown] Identifier[Unknown] isAnalog[false] isRelative[false]
Name[Unknown] Identifier[Unknown] isAnalog[false] isRelative[false]
Name[Num =] Identifier[Num =] isAnalog[false] isRelative[false]
Name[Pause] Identifier[Pause] isAnalog[false] isRelative[false]
Name[Sleep] Identifier[Sleep] isAnalog[false] isRelative[false]
Name[F13] Identifier[F13] isAnalog[false] isRelative[false]
Name[F14] Identifier[F14] isAnalog[false] isRelative[false]
Name[F15] Identifier[F15] isAnalog[false] isRelative[false]
===============
Name: Razer Razer Naga Epic Type: Mouse
=== Inputs ===
Name[Left] Identifier[Left] isAnalog[false] isRelative[false]
Name[Right] Identifier[Right] isAnalog[false] isRelative[false]
Name[Middle] Identifier[Middle] isAnalog[false] isRelative[false]
Name[Side] Identifier[Side] isAnalog[false] isRelative[false]
Name[Extra] Identifier[Extra] isAnalog[false] isRelative[false]
Name[Forward] Identifier[Forward] isAnalog[false] isRelative[false]
Name[Back] Identifier[Back] isAnalog[false] isRelative[false]
Name[x] Identifier[x] isAnalog[true] isRelative[true]
Name[y] Identifier[y] isAnalog[true] isRelative[true]
Name[z] Identifier[z] isAnalog[true] isRelative[true]
===============
