===============
Name: Razer Razer Taipan Type: Mouse
=== Inputs ===
Number of Inputs: 8
Name[Left] Identifier[Left] Digital Absolute Class[net.java.games.input.Component$Identifier$Button]
Name[Right] Identifier[Right] Digital Absolute Class[net.java.games.input.Component$Identifier$Button]
Name[Middle] Identifier[Middle] Digital Absolute Class[net.java.games.input.Component$Identifier$Button]
Name[Side] Identifier[Side] Digital Absolute Class[net.java.games.input.Component$Identifier$Button]
Name[Extra] Identifier[Extra] Digital Absolute Class[net.java.games.input.Component$Identifier$Button]
Name[x] Identifier[x] Analog Relative Class[net.java.games.input.Component$Identifier$Axis]
Name[y] Identifier[y] Analog Relative Class[net.java.games.input.Component$Identifier$Axis]
Name[z] Identifier[z] Analog Relative Class[net.java.games.input.Component$Identifier$Axis]
===============
Name: Razer Razer Taipan Type: Keyboard
=== Inputs ===
Number of Inputs: 267
Name[Escape] Identifier[Escape] Digital Absolute Class[net.java.games.input.Component$Identifier$Key]
Name[1] Identifier[1] Digital Absolute Class[net.java.games.input.Component$Identifier$Key]
Name[2] Identifier[2] Digital Absolute Class[net.java.games.input.Component$Identifier$Key]
Name[3] Identifier[3] Digital Absolute Class[net.java.games.input.Component$Identifier$Key]
Name[4] Identifier[4] Digital Absolute Class[net.java.games.input.Component$Identifier$Key]
Name[5] Identifier[5] Digital Absolute Class[net.java.games.input.Component$Identifier$Key]
Name[6] Identifier[6] Digital Absolute Class[net.java.games.input.Component$Identifier$Key]
Name[7] Identifier[7] Digital Absolute Class[net.java.games.input.Component$Identifier$Key]
Name[8] Identifier[8] Digital Absolute Class[net.java.games.input.Component$Identifier$Key]
Name[9] Identifier[9] Digital Absolute Class[net.java.games.input.Component$Identifier$Key]
Name[0] Identifier[0] Digital Absolute Class[net.java.games.input.Component$Identifier$Key]
Name[-] Identifier[-] Digital Absolute Class[net.java.games.input.Component$Identifier$Key]
Name[=] Identifier[=] Digital Absolute Class[net.java.games.input.Component$Identifier$Key]
Name[Back] Identifier[Back] Digital Absolute Class[net.java.games.input.Component$Identifier$Key]
Name[Tab] Identifier[Tab] Digital Absolute Class[net.java.games.input.Component$Identifier$Key]
Name[Q] Identifier[Q] Digital Absolute Class[net.java.games.input.Component$Identifier$Key]
Name[W] Identifier[W] Digital Absolute Class[net.java.games.input.Component$Identifier$Key]
Name[E] Identifier[E] Digital Absolute Class[net.java.games.input.Component$Identifier$Key]
Name[R] Identifier[R] Digital Absolute Class[net.java.games.input.Component$Identifier$Key]
Name[T] Identifier[T] Digital Absolute Class[net.java.games.input.Component$Identifier$Key]
Name[Y] Identifier[Y] Digital Absolute Class[net.java.games.input.Component$Identifier$Key]
Name[U] Identifier[U] Digital Absolute Class[net.java.games.input.Component$Identifier$Key]
Name[I] Identifier[I] Digital Absolute Class[net.java.games.input.Component$Identifier$Key]
Name[O] Identifier[O] Digital Absolute Class[net.java.games.input.Component$Identifier$Key]
Name[P] Identifier[P] Digital Absolute Class[net.java.games.input.Component$Identifier$Key]
Name[[] Identifier[[] Digital Absolute Class[net.java.games.input.Component$Identifier$Key]
Name[]] Identifier[]] Digital Absolute Class[net.java.games.input.Component$Identifier$Key]
Name[Return] Identifier[Return] Digital Absolute Class[net.java.games.input.Component$Identifier$Key]
Name[Left Control] Identifier[Left Control] Digital Absolute Class[net.java.games.input.Component$Identifier$Key]
Name[A] Identifier[A] Digital Absolute Class[net.java.games.input.Component$Identifier$Key]
Name[S] Identifier[S] Digital Absolute Class[net.java.games.input.Component$Identifier$Key]
Name[D] Identifier[D] Digital Absolute Class[net.java.games.input.Component$Identifier$Key]
Name[F] Identifier[F] Digital Absolute Class[net.java.games.input.Component$Identifier$Key]
Name[G] Identifier[G] Digital Absolute Class[net.java.games.input.Component$Identifier$Key]
Name[H] Identifier[H] Digital Absolute Class[net.java.games.input.Component$Identifier$Key]
Name[J] Identifier[J] Digital Absolute Class[net.java.games.input.Component$Identifier$Key]
Name[K] Identifier[K] Digital Absolute Class[net.java.games.input.Component$Identifier$Key]
Name[L] Identifier[L] Digital Absolute Class[net.java.games.input.Component$Identifier$Key]
Name[;] Identifier[;] Digital Absolute Class[net.java.games.input.Component$Identifier$Key]
Name['] Identifier['] Digital Absolute Class[net.java.games.input.Component$Identifier$Key]
Name[~] Identifier[~] Digital Absolute Class[net.java.games.input.Component$Identifier$Key]
Name[Left Shift] Identifier[Left Shift] Digital Absolute Class[net.java.games.input.Component$Identifier$Key]
Name[\] Identifier[\] Digital Absolute Class[net.java.games.input.Component$Identifier$Key]
Name[Z] Identifier[Z] Digital Absolute Class[net.java.games.input.Component$Identifier$Key]
Name[X] Identifier[X] Digital Absolute Class[net.java.games.input.Component$Identifier$Key]
Name[C] Identifier[C] Digital Absolute Class[net.java.games.input.Component$Identifier$Key]
Name[V] Identifier[V] Digital Absolute Class[net.java.games.input.Component$Identifier$Key]
Name[B] Identifier[B] Digital Absolute Class[net.java.games.input.Component$Identifier$Key]
Name[N] Identifier[N] Digital Absolute Class[net.java.games.input.Component$Identifier$Key]
Name[M] Identifier[M] Digital Absolute Class[net.java.games.input.Component$Identifier$Key]
Name[,] Identifier[,] Digital Absolute Class[net.java.games.input.Component$Identifier$Key]
Name[.] Identifier[.] Digital Absolute Class[net.java.games.input.Component$Identifier$Key]
Name[/] Identifier[/] Digital Absolute Class[net.java.games.input.Component$Identifier$Key]
Name[Right Shift] Identifier[Right Shift] Digital Absolute Class[net.java.games.input.Component$Identifier$Key]
Name[Multiply] Identifier[Multiply] Digital Absolute Class[net.java.games.input.Component$Identifier$Key]
Name[Left Alt] Identifier[Left Alt] Digital Absolute Class[net.java.games.input.Component$Identifier$Key]
Name[ ] Identifier[ ] Digital Absolute Class[net.java.games.input.Component$Identifier$Key]
Name[Caps Lock] Identifier[Caps Lock] Digital Absolute Class[net.java.games.input.Component$Identifier$Key]
Name[F1] Identifier[F1] Digital Absolute Class[net.java.games.input.Component$Identifier$Key]
Name[F2] Identifier[F2] Digital Absolute Class[net.java.games.input.Component$Identifier$Key]
Name[F3] Identifier[F3] Digital Absolute Class[net.java.games.input.Component$Identifier$Key]
Name[F4] Identifier[F4] Digital Absolute Class[net.java.games.input.Component$Identifier$Key]
Name[F5] Identifier[F5] Digital Absolute Class[net.java.games.input.Component$Identifier$Key]
Name[F6] Identifier[F6] Digital Absolute Class[net.java.games.input.Component$Identifier$Key]
Name[F7] Identifier[F7] Digital Absolute Class[net.java.games.input.Component$Identifier$Key]
Name[F8] Identifier[F8] Digital Absolute Class[net.java.games.input.Component$Identifier$Key]
Name[F9] Identifier[F9] Digital Absolute Class[net.java.games.input.Component$Identifier$Key]
Name[F10] Identifier[F10] Digital Absolute Class[net.java.games.input.Component$Identifier$Key]
Name[Num Lock] Identifier[Num Lock] Digital Absolute Class[net.java.games.input.Component$Identifier$Key]
Name[Scroll Lock] Identifier[Scroll Lock] Digital Absolute Class[net.java.games.input.Component$Identifier$Key]
Name[Num 7] Identifier[Num 7] Digital Absolute Class[net.java.games.input.Component$Identifier$Key]
Name[Num 8] Identifier[Num 8] Digital Absolute Class[net.java.games.input.Component$Identifier$Key]
Name[Num 9] Identifier[Num 9] Digital Absolute Class[net.java.games.input.Component$Identifier$Key]
Name[Num -] Identifier[Num -] Digital Absolute Class[net.java.games.input.Component$Identifier$Key]
Name[Num 4] Identifier[Num 4] Digital Absolute Class[net.java.games.input.Component$Identifier$Key]
Name[Num 5] Identifier[Num 5] Digital Absolute Class[net.java.games.input.Component$Identifier$Key]
Name[Num 6] Identifier[Num 6] Digital Absolute Class[net.java.games.input.Component$Identifier$Key]
Name[Num +] Identifier[Num +] Digital Absolute Class[net.java.games.input.Component$Identifier$Key]
Name[Num 1] Identifier[Num 1] Digital Absolute Class[net.java.games.input.Component$Identifier$Key]
Name[Num 2] Identifier[Num 2] Digital Absolute Class[net.java.games.input.Component$Identifier$Key]
Name[Num 3] Identifier[Num 3] Digital Absolute Class[net.java.games.input.Component$Identifier$Key]
Name[Num 0] Identifier[Num 0] Digital Absolute Class[net.java.games.input.Component$Identifier$Key]
Name[Num .] Identifier[Num .] Digital Absolute Class[net.java.games.input.Component$Identifier$Key]
Name[F11] Identifier[F11] Digital Absolute Class[net.java.games.input.Component$Identifier$Key]
Name[F12] Identifier[F12] Digital Absolute Class[net.java.games.input.Component$Identifier$Key]
Name[Num Enter] Identifier[Num Enter] Digital Absolute Class[net.java.games.input.Component$Identifier$Key]
Name[Right Control] Identifier[Right Control] Digital Absolute Class[net.java.games.input.Component$Identifier$Key]
Name[Num /] Identifier[Num /] Digital Absolute Class[net.java.games.input.Component$Identifier$Key]
Name[SysRq] Identifier[SysRq] Digital Absolute Class[net.java.games.input.Component$Identifier$Key]
Name[Right Alt] Identifier[Right Alt] Digital Absolute Class[net.java.games.input.Component$Identifier$Key]
Name[Home] Identifier[Home] Digital Absolute Class[net.java.games.input.Component$Identifier$Key]
Name[Up] Identifier[Up] Digital Absolute Class[net.java.games.input.Component$Identifier$Key]
Name[Pg Up] Identifier[Pg Up] Digital Absolute Class[net.java.games.input.Component$Identifier$Key]
Name[Left] Identifier[Left] Digital Absolute Class[net.java.games.input.Component$Identifier$Key]
Name[Right] Identifier[Right] Digital Absolute Class[net.java.games.input.Component$Identifier$Key]
Name[End] Identifier[End] Digital Absolute Class[net.java.games.input.Component$Identifier$Key]
Name[Down] Identifier[Down] Digital Absolute Class[net.java.games.input.Component$Identifier$Key]
Name[Pg Down] Identifier[Pg Down] Digital Absolute Class[net.java.games.input.Component$Identifier$Key]
Name[Insert] Identifier[Insert] Digital Absolute Class[net.java.games.input.Component$Identifier$Key]
Name[Delete] Identifier[Delete] Digital Absolute Class[net.java.games.input.Component$Identifier$Key]
Name[Num =] Identifier[Num =] Digital Absolute Class[net.java.games.input.Component$Identifier$Key]
Name[Pause] Identifier[Pause] Digital Absolute Class[net.java.games.input.Component$Identifier$Key]
Name[Sleep] Identifier[Sleep] Digital Absolute Class[net.java.games.input.Component$Identifier$Key]
Name[F13] Identifier[F13] Digital Absolute Class[net.java.games.input.Component$Identifier$Key]
Name[F14] Identifier[F14] Digital Absolute Class[net.java.games.input.Component$Identifier$Key]
Name[F15] Identifier[F15] Digital Absolute Class[net.java.games.input.Component$Identifier$Key]
Name[Unlabeled] Identifier[Unlabeled] Digital Absolute Class[net.java.games.input.Component$Identifier$Key]
Name[0] Identifier[0] Digital Absolute Class[net.java.games.input.Component$Identifier$Button]
Name[slider] Identifier[slider] Analog Absolute Class[net.java.games.input.Component$Identifier$Axis]
Name[slider] Identifier[slider] Analog Absolute Class[net.java.games.input.Component$Identifier$Axis]
Name[slider] Identifier[slider] Analog Absolute Class[net.java.games.input.Component$Identifier$Axis]
Name[slider] Identifier[slider] Analog Absolute Class[net.java.games.input.Component$Identifier$Axis]
Name[slider] Identifier[slider] Analog Absolute Class[net.java.games.input.Component$Identifier$Axis]
Name[slider] Identifier[slider] Analog Absolute Class[net.java.games.input.Component$Identifier$Axis]
Name[slider] Identifier[slider] Analog Absolute Class[net.java.games.input.Component$Identifier$Axis]
Name[slider] Identifier[slider] Analog Absolute Class[net.java.games.input.Component$Identifier$Axis]
Name[slider] Identifier[slider] Analog Absolute Class[net.java.games.input.Component$Identifier$Axis]
Name[slider] Identifier[slider] Analog Absolute Class[net.java.games.input.Component$Identifier$Axis]
Name[slider] Identifier[slider] Analog Absolute Class[net.java.games.input.Component$Identifier$Axis]
Name[slider] Identifier[slider] Analog Absolute Class[net.java.games.input.Component$Identifier$Axis]
Name[slider] Identifier[slider] Analog Absolute Class[net.java.games.input.Component$Identifier$Axis]
Name[slider] Identifier[slider] Analog Absolute Class[net.java.games.input.Component$Identifier$Axis]
Name[slider] Identifier[slider] Analog Absolute Class[net.java.games.input.Component$Identifier$Axis]
Name[slider] Identifier[slider] Analog Absolute Class[net.java.games.input.Component$Identifier$Axis]
Name[slider] Identifier[slider] Analog Absolute Class[net.java.games.input.Component$Identifier$Axis]
Name[slider] Identifier[slider] Analog Absolute Class[net.java.games.input.Component$Identifier$Axis]
Name[slider] Identifier[slider] Analog Absolute Class[net.java.games.input.Component$Identifier$Axis]
Name[slider] Identifier[slider] Analog Absolute Class[net.java.games.input.Component$Identifier$Axis]
Name[slider] Identifier[slider] Analog Absolute Class[net.java.games.input.Component$Identifier$Axis]
Name[slider] Identifier[slider] Analog Absolute Class[net.java.games.input.Component$Identifier$Axis]
Name[slider] Identifier[slider] Analog Absolute Class[net.java.games.input.Component$Identifier$Axis]
Name[slider] Identifier[slider] Analog Absolute Class[net.java.games.input.Component$Identifier$Axis]
Name[slider] Identifier[slider] Analog Absolute Class[net.java.games.input.Component$Identifier$Axis]
Name[slider] Identifier[slider] Analog Relative Class[net.java.games.input.Component$Identifier$Axis]
===============
Name: Razer Razer Taipan Type: Keyboard
=== Inputs ===
Number of Inputs: 163
Name[Escape] Identifier[Escape] Digital Absolute Class[net.java.games.input.Component$Identifier$Key]
Name[1] Identifier[1] Digital Absolute Class[net.java.games.input.Component$Identifier$Key]
Name[2] Identifier[2] Digital Absolute Class[net.java.games.input.Component$Identifier$Key]
Name[3] Identifier[3] Digital Absolute Class[net.java.games.input.Component$Identifier$Key]
Name[4] Identifier[4] Digital Absolute Class[net.java.games.input.Component$Identifier$Key]
Name[5] Identifier[5] Digital Absolute Class[net.java.games.input.Component$Identifier$Key]
Name[6] Identifier[6] Digital Absolute Class[net.java.games.input.Component$Identifier$Key]
Name[7] Identifier[7] Digital Absolute Class[net.java.games.input.Component$Identifier$Key]
Name[8] Identifier[8] Digital Absolute Class[net.java.games.input.Component$Identifier$Key]
Name[9] Identifier[9] Digital Absolute Class[net.java.games.input.Component$Identifier$Key]
Name[0] Identifier[0] Digital Absolute Class[net.java.games.input.Component$Identifier$Key]
Name[-] Identifier[-] Digital Absolute Class[net.java.games.input.Component$Identifier$Key]
Name[=] Identifier[=] Digital Absolute Class[net.java.games.input.Component$Identifier$Key]
Name[Back] Identifier[Back] Digital Absolute Class[net.java.games.input.Component$Identifier$Key]
Name[Tab] Identifier[Tab] Digital Absolute Class[net.java.games.input.Component$Identifier$Key]
Name[Q] Identifier[Q] Digital Absolute Class[net.java.games.input.Component$Identifier$Key]
Name[W] Identifier[W] Digital Absolute Class[net.java.games.input.Component$Identifier$Key]
Name[E] Identifier[E] Digital Absolute Class[net.java.games.input.Component$Identifier$Key]
Name[R] Identifier[R] Digital Absolute Class[net.java.games.input.Component$Identifier$Key]
Name[T] Identifier[T] Digital Absolute Class[net.java.games.input.Component$Identifier$Key]
Name[Y] Identifier[Y] Digital Absolute Class[net.java.games.input.Component$Identifier$Key]
Name[U] Identifier[U] Digital Absolute Class[net.java.games.input.Component$Identifier$Key]
Name[I] Identifier[I] Digital Absolute Class[net.java.games.input.Component$Identifier$Key]
Name[O] Identifier[O] Digital Absolute Class[net.java.games.input.Component$Identifier$Key]
Name[P] Identifier[P] Digital Absolute Class[net.java.games.input.Component$Identifier$Key]
Name[[] Identifier[[] Digital Absolute Class[net.java.games.input.Component$Identifier$Key]
Name[]] Identifier[]] Digital Absolute Class[net.java.games.input.Component$Identifier$Key]
Name[Return] Identifier[Return] Digital Absolute Class[net.java.games.input.Component$Identifier$Key]
Name[Left Control] Identifier[Left Control] Digital Absolute Class[net.java.games.input.Component$Identifier$Key]
Name[A] Identifier[A] Digital Absolute Class[net.java.games.input.Component$Identifier$Key]
Name[S] Identifier[S] Digital Absolute Class[net.java.games.input.Component$Identifier$Key]
Name[D] Identifier[D] Digital Absolute Class[net.java.games.input.Component$Identifier$Key]
Name[F] Identifier[F] Digital Absolute Class[net.java.games.input.Component$Identifier$Key]
Name[G] Identifier[G] Digital Absolute Class[net.java.games.input.Component$Identifier$Key]
Name[H] Identifier[H] Digital Absolute Class[net.java.games.input.Component$Identifier$Key]
Name[J] Identifier[J] Digital Absolute Class[net.java.games.input.Component$Identifier$Key]
Name[K] Identifier[K] Digital Absolute Class[net.java.games.input.Component$Identifier$Key]
Name[L] Identifier[L] Digital Absolute Class[net.java.games.input.Component$Identifier$Key]
Name[;] Identifier[;] Digital Absolute Class[net.java.games.input.Component$Identifier$Key]
Name['] Identifier['] Digital Absolute Class[net.java.games.input.Component$Identifier$Key]
Name[~] Identifier[~] Digital Absolute Class[net.java.games.input.Component$Identifier$Key]
Name[Left Shift] Identifier[Left Shift] Digital Absolute Class[net.java.games.input.Component$Identifier$Key]
Name[\] Identifier[\] Digital Absolute Class[net.java.games.input.Component$Identifier$Key]
Name[Z] Identifier[Z] Digital Absolute Class[net.java.games.input.Component$Identifier$Key]
Name[X] Identifier[X] Digital Absolute Class[net.java.games.input.Component$Identifier$Key]
Name[C] Identifier[C] Digital Absolute Class[net.java.games.input.Component$Identifier$Key]
Name[V] Identifier[V] Digital Absolute Class[net.java.games.input.Component$Identifier$Key]
Name[B] Identifier[B] Digital Absolute Class[net.java.games.input.Component$Identifier$Key]
Name[N] Identifier[N] Digital Absolute Class[net.java.games.input.Component$Identifier$Key]
Name[M] Identifier[M] Digital Absolute Class[net.java.games.input.Component$Identifier$Key]
Name[,] Identifier[,] Digital Absolute Class[net.java.games.input.Component$Identifier$Key]
Name[.] Identifier[.] Digital Absolute Class[net.java.games.input.Component$Identifier$Key]
Name[/] Identifier[/] Digital Absolute Class[net.java.games.input.Component$Identifier$Key]
Name[Right Shift] Identifier[Right Shift] Digital Absolute Class[net.java.games.input.Component$Identifier$Key]
Name[Multiply] Identifier[Multiply] Digital Absolute Class[net.java.games.input.Component$Identifier$Key]
Name[Left Alt] Identifier[Left Alt] Digital Absolute Class[net.java.games.input.Component$Identifier$Key]
Name[ ] Identifier[ ] Digital Absolute Class[net.java.games.input.Component$Identifier$Key]
Name[Caps Lock] Identifier[Caps Lock] Digital Absolute Class[net.java.games.input.Component$Identifier$Key]
Name[F1] Identifier[F1] Digital Absolute Class[net.java.games.input.Component$Identifier$Key]
Name[F2] Identifier[F2] Digital Absolute Class[net.java.games.input.Component$Identifier$Key]
Name[F3] Identifier[F3] Digital Absolute Class[net.java.games.input.Component$Identifier$Key]
Name[F4] Identifier[F4] Digital Absolute Class[net.java.games.input.Component$Identifier$Key]
Name[F5] Identifier[F5] Digital Absolute Class[net.java.games.input.Component$Identifier$Key]
Name[F6] Identifier[F6] Digital Absolute Class[net.java.games.input.Component$Identifier$Key]
Name[F7] Identifier[F7] Digital Absolute Class[net.java.games.input.Component$Identifier$Key]
Name[F8] Identifier[F8] Digital Absolute Class[net.java.games.input.Component$Identifier$Key]
Name[F9] Identifier[F9] Digital Absolute Class[net.java.games.input.Component$Identifier$Key]
Name[F10] Identifier[F10] Digital Absolute Class[net.java.games.input.Component$Identifier$Key]
Name[Num Lock] Identifier[Num Lock] Digital Absolute Class[net.java.games.input.Component$Identifier$Key]
Name[Scroll Lock] Identifier[Scroll Lock] Digital Absolute Class[net.java.games.input.Component$Identifier$Key]
Name[Num 7] Identifier[Num 7] Digital Absolute Class[net.java.games.input.Component$Identifier$Key]
Name[Num 8] Identifier[Num 8] Digital Absolute Class[net.java.games.input.Component$Identifier$Key]
Name[Num 9] Identifier[Num 9] Digital Absolute Class[net.java.games.input.Component$Identifier$Key]
Name[Num -] Identifier[Num -] Digital Absolute Class[net.java.games.input.Component$Identifier$Key]
Name[Num 4] Identifier[Num 4] Digital Absolute Class[net.java.games.input.Component$Identifier$Key]
Name[Num 5] Identifier[Num 5] Digital Absolute Class[net.java.games.input.Component$Identifier$Key]
Name[Num 6] Identifier[Num 6] Digital Absolute Class[net.java.games.input.Component$Identifier$Key]
Name[Num +] Identifier[Num +] Digital Absolute Class[net.java.games.input.Component$Identifier$Key]
Name[Num 1] Identifier[Num 1] Digital Absolute Class[net.java.games.input.Component$Identifier$Key]
Name[Num 2] Identifier[Num 2] Digital Absolute Class[net.java.games.input.Component$Identifier$Key]
Name[Num 3] Identifier[Num 3] Digital Absolute Class[net.java.games.input.Component$Identifier$Key]
Name[Num 0] Identifier[Num 0] Digital Absolute Class[net.java.games.input.Component$Identifier$Key]
Name[Num .] Identifier[Num .] Digital Absolute Class[net.java.games.input.Component$Identifier$Key]
Name[F11] Identifier[F11] Digital Absolute Class[net.java.games.input.Component$Identifier$Key]
Name[F12] Identifier[F12] Digital Absolute Class[net.java.games.input.Component$Identifier$Key]
Name[Num Enter] Identifier[Num Enter] Digital Absolute Class[net.java.games.input.Component$Identifier$Key]
Name[Right Control] Identifier[Right Control] Digital Absolute Class[net.java.games.input.Component$Identifier$Key]
Name[Num /] Identifier[Num /] Digital Absolute Class[net.java.games.input.Component$Identifier$Key]
Name[SysRq] Identifier[SysRq] Digital Absolute Class[net.java.games.input.Component$Identifier$Key]
Name[Right Alt] Identifier[Right Alt] Digital Absolute Class[net.java.games.input.Component$Identifier$Key]
Name[Home] Identifier[Home] Digital Absolute Class[net.java.games.input.Component$Identifier$Key]
Name[Up] Identifier[Up] Digital Absolute Class[net.java.games.input.Component$Identifier$Key]
Name[Pg Up] Identifier[Pg Up] Digital Absolute Class[net.java.games.input.Component$Identifier$Key]
Name[Left] Identifier[Left] Digital Absolute Class[net.java.games.input.Component$Identifier$Key]
Name[Right] Identifier[Right] Digital Absolute Class[net.java.games.input.Component$Identifier$Key]
Name[End] Identifier[End] Digital Absolute Class[net.java.games.input.Component$Identifier$Key]
Name[Down] Identifier[Down] Digital Absolute Class[net.java.games.input.Component$Identifier$Key]
Name[Pg Down] Identifier[Pg Down] Digital Absolute Class[net.java.games.input.Component$Identifier$Key]
Name[Insert] Identifier[Insert] Digital Absolute Class[net.java.games.input.Component$Identifier$Key]
Name[Delete] Identifier[Delete] Digital Absolute Class[net.java.games.input.Component$Identifier$Key]
Name[Num =] Identifier[Num =] Digital Absolute Class[net.java.games.input.Component$Identifier$Key]
Name[Pause] Identifier[Pause] Digital Absolute Class[net.java.games.input.Component$Identifier$Key]
Name[Sleep] Identifier[Sleep] Digital Absolute Class[net.java.games.input.Component$Identifier$Key]
Name[F13] Identifier[F13] Digital Absolute Class[net.java.games.input.Component$Identifier$Key]
Name[F14] Identifier[F14] Digital Absolute Class[net.java.games.input.Component$Identifier$Key]
Name[F15] Identifier[F15] Digital Absolute Class[net.java.games.input.Component$Identifier$Key]
Name[Unlabeled] Identifier[Unlabeled] Digital Absolute Class[net.java.games.input.Component$Identifier$Key]
===============
====== Polling ====== 
[Razer Razer Taipan:Mouse] null
[Razer Razer Taipan:Mouse] Name[Left] Identifier[Left] Digital Absolute Class[net.java.games.input.Component$Identifier$Button][Razer Razer Taipan:Mouse] null
[Razer Razer Taipan:Mouse] Name[Left] Identifier[Left] Digital Absolute Class[net.java.games.input.Component$Identifier$Button][Razer Razer Taipan:Mouse] null
[Razer Razer Taipan:Mouse] Name[Right] Identifier[Right] Digital Absolute Class[net.java.games.input.Component$Identifier$Button][Razer Razer Taipan:Mouse] null
[Razer Razer Taipan:Mouse] Name[Right] Identifier[Right] Digital Absolute Class[net.java.games.input.Component$Identifier$Button][Razer Razer Taipan:Mouse] null
[Razer Razer Taipan:Mouse] Name[Extra] Identifier[Extra] Digital Absolute Class[net.java.games.input.Component$Identifier$Button]
[Razer Razer Taipan:Mouse] Name[Extra] Identifier[Extra] Digital Absolute Class[net.java.games.input.Component$Identifier$Button][Razer Razer Taipan:Mouse] null
[Razer Razer Taipan:Mouse] Name[Side] Identifier[Side] Digital Absolute Class[net.java.games.input.Component$Identifier$Button]
[Razer Razer Taipan:Mouse] Name[Side] Identifier[Side] Digital Absolute Class[net.java.games.input.Component$Identifier$Button][Razer Razer Taipan:Mouse] null
[Razer Razer Taipan:Mouse] Name[Extra] Identifier[Extra] Digital Absolute Class[net.java.games.input.Component$Identifier$Button]
[Razer Razer Taipan:Mouse] Name[Extra] Identifier[Extra] Digital Absolute Class[net.java.games.input.Component$Identifier$Button]
[Razer Razer Taipan:Mouse] Name[Side] Identifier[Side] Digital Absolute Class[net.java.games.input.Component$Identifier$Button]
[Razer Razer Taipan:Mouse] Name[Side] Identifier[Side] Digital Absolute Class[net.java.games.input.Component$Identifier$Button][Razer Razer Taipan:Mouse] null
[Razer Razer Taipan:Mouse] Name[Middle] Identifier[Middle] Digital Absolute Class[net.java.games.input.Component$Identifier$Button][Razer Razer Taipan:Mouse] null
[Razer Razer Taipan:Mouse] Name[Middle] Identifier[Middle] Digital Absolute Class[net.java.games.input.Component$Identifier$Button][Razer Razer Taipan:Mouse] null
